<?xml version="1.0" encoding="UTF-8"?>
<!-- Generated by org.testng.reporters.JUnitReportReporter -->
<testsuite skipped="0" hostname="DESKTOP-CQ9KNJ7" name="com.qa.tests.AppTest" tests="1" failures="0" timestamp="03 Jun 2019 15:59:28 GMT" time="0.019" errors="0">
  <testcase name="sum" time="0.019" classname="com.qa.tests.AppTest"/>
</testsuite> <!-- com.qa.tests.AppTest -->
