<?xml version="1.0" encoding="UTF-8"?>
<!-- Generated by org.testng.reporters.JUnitReportReporter -->
<testsuite skipped="0" hostname="DESKTOP-CQ9KNJ7" name="com.qa.tests.Demo3" tests="1" failures="0" timestamp="07 Jun 2019 17:00:48 GMT" time="0.000" errors="0">
  <testcase name="sum" time="0.000" classname="com.qa.tests.Demo3"/>
</testsuite> <!-- com.qa.tests.Demo3 -->
